Step	Training Loss
1	7.887000
2	7.116700
3	7.726000
4	6.308200
5	5.694800
6	4.961300
7	3.333200
8	3.167200
9	2.340100
10	2.086600
11	2.455600
12	1.902300
13	1.206900
14	1.619100
15	0.754800
16	1.018900
17	1.228200
18	1.313300
19	1.451000
20	1.084800
21	0.860600
22	1.260100
23	1.229300
24	0.942100
25	1.371600
26	1.192200
27	0.728500
28	1.057500
29	0.788000
30	1.133900
31	1.735700
32	0.868300
33	0.771500
34	1.441000
35	0.916100
36	0.607600
37	0.832900
38	1.241600
39	0.597600
40	0.573100
41	0.654500
42	0.906800
43	0.949900
44	1.272100
45	1.878200
46	1.053400
47	0.515200
48	0.722300
49	0.775300
50	1.345000
51	0.864700
52	1.122400
53	0.891700
54	0.835900
55	0.870900
56	0.663000
57	0.816900
58	0.894800
59	0.561300
60	0.864100
61	1.006800
62	0.874800
63	0.929400
64	0.913700
65	1.142700
66	0.728900
67	0.637100
68	0.968300
69	0.921500
70	1.181800
71	0.780600
72	0.737000
73	0.965500
74	0.986600
75	0.817000
76	0.532200
77	1.437800
78	1.092800
79	0.358700
80	0.881200
81	0.853400
82	0.831000
83	0.545100
84	1.061100
85	0.515700
86	1.114500
87	0.701200
88	0.737900
89	1.060600
90	0.738300
91	0.744400
92	0.899900
93	0.705600
94	0.642400
95	0.608300
96	1.265800
97	0.802200
98	0.884200
99	1.109800
100	1.260500
101	0.912300
102	0.904100
103	0.566700
104	0.882600
105	0.495700
106	0.332900
107	0.904100
108	0.497500
109	0.888600
110	0.864000
111	0.497300
112	0.732900
113	0.562400
114	1.597700
115	0.744700
116	1.053800
117	0.671300
118	0.943100
119	0.947900
120	0.599700
121	0.398000
122	0.961200
123	0.880600
124	0.878900
125	0.573100
126	0.635500
127	0.438000
128	0.508100
129	0.903200
130	0.669600
131	1.050700
132	0.780200
133	0.975900
134	0.800300
135	0.534300
136	0.713300
137	0.947900
138	0.838400
139	0.645500
140	0.642100
141	1.022900
142	0.838600
143	1.145400
144	0.497700
145	1.163600
146	0.603200
147	0.933900
148	0.646600
149	0.747100
150	0.616800
151	0.620700
152	0.730600
153	0.764100
154	0.598800
155	0.924100
156	0.836400
157	0.801000
158	0.582500
159	0.771500
160	0.847200
161	1.004600
162	0.697000
163	0.628300
164	0.665000
165	0.772900
166	0.800700
167	0.990800
168	0.824400
169	0.326200
170	1.698700
171	0.355000
172	0.859700
173	0.725000
174	1.040200
175	1.092500
176	0.937900
177	0.807700
178	0.586400
179	0.757100
180	0.803400
181	0.681900
182	0.493000
183	0.790500
184	0.719700
185	0.735400
186	0.375200
187	0.984900
188	0.358700
189	0.660800
190	0.501200
191	0.559800
192	1.052700
193	0.805700
194	0.290500
195	0.519200
196	0.639100
197	0.582300
198	0.358200
199	0.418400
200	0.827000
201	0.842700
202	0.537600
203	0.847900
204	0.985400
205	0.412000
206	0.720400
207	0.569400
208	0.551600
209	1.344800
210	0.888100
211	0.946400
212	0.675900
213	0.504500
214	0.790400
215	0.730500
216	0.568100
217	0.680900
218	0.702300
219	0.482500
220	1.115200
221	0.620200
222	0.323800
223	0.379400
224	0.528400
225	0.710100
226	0.310900
227	0.606800
228	0.560900
229	0.794100
230	0.812500
231	0.825100
232	0.787100
233	0.417100
234	0.669100
235	0.423300
236	0.775900
237	0.526700
238	0.569100
239	0.326000
240	0.579400
241	0.645600
242	0.189400
243	0.713700
244	0.436300
245	0.571800
246	0.433700
247	0.721800
248	0.449600
249	0.665700
250	0.438400
251	0.420000
252	0.462500
253	0.498800
254	0.232800
255	0.571300
256	0.543400
257	0.505500
258	0.623300
259	0.554200
260	0.472200
261	0.419400
262	1.395700
263	0.921400
264	0.741500
265	0.682800
266	0.409200
267	0.224500
268	0.558700
269	0.507700
270	0.534400
271	0.562700
272	0.291900
273	0.716200
274	0.740000
275	0.776600
276	0.943600
277	0.418000
278	0.376700
279	0.528500
280	0.521200
281	0.577900
282	0.450200
283	0.627500
284	0.316300
285	0.380200
286	0.984600
287	0.657300
288	0.692100
289	0.797300
290	0.709600
291	0.668900
292	0.280900
293	0.493900
294	0.250600
295	0.464600
296	0.484100
297	1.211800
298	0.765000
299	0.824600
300	0.677900
301	0.524700
302	0.583100
303	0.803400
304	0.489000
305	0.497000
306	0.394000
307	0.402000
308	0.686300
309	0.625900
310	0.530400
311	0.532700
312	0.511900
313	0.410100
314	0.387500
315	0.376800
316	0.336400
317	0.472800
318	0.398500
319	0.298700
320	0.120300
321	0.914900
322	0.842000
323	0.436100
324	0.457400
325	0.941200
326	0.833100
327	0.414200
328	0.273400
329	0.787600
330	0.447000
331	0.490600
332	0.454400
333	0.889100
334	1.069900
335	0.679800
336	0.702800
337	0.351700
338	0.587600
339	0.651700
340	0.476400
341	0.541000
342	0.604800
343	0.627600
344	0.279600
345	0.704100
346	0.431900
347	0.454500
348	0.721800
349	0.699900
350	0.403400
351	0.342100
352	0.457800
353	0.316000
354	0.565300
355	0.670900
356	0.318900
357	0.709400
358	0.072900
359	0.435500
360	0.803800
361	0.537300
362	0.421500
363	0.831200
364	0.203700
365	0.424900
366	0.784200
367	0.893200
368	0.595800
369	0.423200
370	1.014800
371	0.479200
372	0.620500
373	0.754900
374	0.573800
375	0.464000
376	0.156200
377	0.541800
378	0.241300
379	0.709300
380	0.204200
381	0.497300
382	0.203700
383	1.006100
384	0.564500
385	0.914400
386	0.387400
387	0.772800
388	0.309300
389	0.550500
390	0.607100
391	0.143100
392	0.443600
393	0.533800
394	0.786100
395	0.303400
396	0.392900
397	0.874300
398	0.513700
399	0.849100
400	1.045900
401	0.465900
402	0.857300
403	0.954600
404	0.301000
405	0.475800
406	0.755100
407	0.496700
408	0.433700
409	0.823200
410	0.647700
411	0.491000
412	0.271200
413	0.523400
414	0.366000
415	0.319200
416	0.431400
417	0.318100
418	0.355100
419	0.471300
420	0.530500
421	0.778200
422	0.294200
423	0.404400
424	0.672100
425	0.659700
426	0.614700
427	0.548500
428	0.667700
429	0.726500
430	0.412800
431	0.440500
432	0.605600
433	0.641500
434	0.680700
435	0.406800
436	0.237000
437	0.522200
438	0.658600
439	0.669000
440	0.294500
441	0.526000
442	0.472400
443	0.468000
444	0.390100
445	0.451500
446	0.397100
447	0.769100
448	0.630400
449	0.582300
450	0.371000
451	0.382700
452	0.636100
453	0.465800
454	0.558500
455	0.463000
456	0.546000
457	0.377200
458	0.343600
459	0.392100
460	0.617200
461	0.362100
462	0.356900
463	0.496200
464	0.568600
465	0.560700
466	0.254500
467	0.285900
468	0.606600
469	0.799700
470	0.388600
471	0.414200
472	0.212400
473	0.763400
474	0.538500
475	0.573500
476	0.732000
477	0.572500
478	0.494300
479	0.334800
480	0.488400
481	0.451600
482	0.219200
483	0.242200
484	0.711100
485	0.307300
486	0.273900
487	0.759700
488	0.280100
489	0.434200
490	0.318900
491	0.185600
492	0.586300
493	0.728100
494	0.390700
495	0.501100
496	0.286900
497	0.478700
498	0.518000
499	0.707900
500	0.756800
501	0.503500
502	0.673400
503	0.247500
504	0.198500
505	0.118200
506	0.486900
507	1.133200
508	0.366800
509	0.762600
510	0.299300
511	0.207100
512	0.215000
513	0.388900
514	0.326700
515	0.343600
516	0.732800
517	0.453300
518	0.287700
519	0.418300
520	0.192200
521	0.599500
522	0.700800
523	0.304900
524	0.853300
525	0.607000
526	0.373000
527	0.348600
528	0.203600
529	0.330800
530	0.363700
531	0.302800
532	0.259000
533	0.208500
534	0.358700
535	0.501200
536	0.309200
537	0.468900
538	0.561400
539	0.785300
540	0.674400
541	0.619600
542	0.501900
543	0.406900
544	0.379600
545	0.408600
546	0.495800
547	1.015200
548	0.420800
549	0.374700
550	0.345500
551	0.351100
552	0.869500
553	0.366400
554	0.597400
555	0.613500
556	0.157700
557	0.228300
558	0.428600
559	0.312800
560	0.719600
561	0.626200
562	0.392300
563	0.951100
564	0.660100
565	0.503300
566	0.742200
567	0.376000
568	0.410000
569	0.590000
570	0.297100
571	0.272100
572	0.619000
573	0.503600
574	0.561700
575	0.429700
576	0.379400
577	0.639500
578	0.991700
579	0.376500
580	0.571800
581	0.298800
582	0.631900
583	0.432600
584	0.444800
585	0.647700
586	0.358700
587	0.170100
588	0.590300
589	0.560400
590	0.292900
591	0.753600
592	1.354500
593	0.332700
594	0.221900
595	0.513700
596	0.464500
597	0.495400
598	0.301500
599	0.628300
600	0.225200
601	0.257200
602	0.953500
603	0.357500
604	0.271300
605	0.484600
606	0.822900
607	0.209800
608	0.508600
609	0.775400
610	0.703100
611	0.286000
612	0.458400
613	0.325400
614	0.629400
615	0.610700
616	0.235500
617	0.468300
618	0.451200
619	0.651300
620	0.415100
621	0.254900
622	0.510500
623	0.572000
624	0.344000
625	0.183800
626	0.465600
627	0.707700
628	0.567400
629	0.361300
630	0.391000
631	0.441800
632	0.823600
633	0.097500
634	0.501700
635	0.641800
636	0.812000
637	0.630600
638	0.428300
639	0.581100
640	0.404000
641	0.641500
642	0.219700
643	0.559400
644	0.571800
645	0.482100
646	0.602000
647	0.369700
648	0.739800
649	0.420300
650	0.371000
651	0.429600
652	0.474000
653	0.284700
654	0.462300
655	0.346400
656	0.535700
657	0.847900
658	0.356500
659	0.320100
660	0.456900
661	0.430200
662	0.280500
663	0.442900
664	0.275700
665	0.453800
666	0.471400
667	0.361700
668	0.231300
669	0.328400
670	0.632300
671	0.485300
672	0.979300
673	0.284200
674	0.313600
675	0.231700
676	0.851600
677	0.304600
678	0.332400
679	0.527600
680	0.080900
681	0.644300
682	0.438700
683	0.374300
684	0.337000
685	0.202300
686	0.807800
687	0.399500
688	0.476200
689	0.306800
690	0.796900
691	0.371100
692	0.232200
693	0.577400
694	0.046000
695	0.605700
696	0.427800
697	0.884500
698	0.346900
699	0.255300
700	0.385000
701	0.232500
702	0.526000
703	0.395300
704	0.551700
705	0.352700
706	0.443000
707	0.285500
708	0.306700
709	0.429400
710	0.409000
711	0.652800
712	0.460000
713	0.459600
714	0.424500
715	0.552500
716	0.341600
717	0.497500
718	0.611100
719	0.584200
720	0.442700
721	0.201500
722	0.108500
723	0.314500
724	0.307200
725	0.481400
726	0.421000
727	0.405100
728	0.293000
729	0.549600
730	0.398800
731	0.637800
732	0.660400
733	0.548800
734	0.286800
735	0.329700
736	0.468000
737	0.448000
738	0.711900
739	0.530500
740	0.463600
741	0.236300
742	0.156500
743	0.604900
744	0.429000
745	0.188400
746	0.640500
747	0.423900
748	0.202600
749	0.480900
750	0.324100
751	0.540800
752	0.369100
753	0.350600
754	0.255800
755	0.571900
756	0.302600
757	0.366600
758	0.554200
759	0.591500
760	0.540800
761	0.748000
762	1.035500
763	0.429000
764	0.279300
765	0.512300
766	0.257000
767	0.390200
768	0.326700
769	0.553200
770	0.168000
771	0.608500
772	0.621400
773	0.392400
774	0.350700
775	0.557700
776	0.280700
777	0.120800
778	0.518100
779	0.797000
780	0.309100
781	0.426800
782	0.227500
783	0.358700
784	0.480100
785	0.671400
786	0.320500
787	0.560500
788	0.420000
789	0.344800
790	0.496700
791	0.637400
792	0.218900
793	0.432000
794	0.449100
795	0.130800
796	0.302400
797	0.903800
798	0.610000
799	0.263800
800	0.586700
801	0.550700
802	0.490100
803	0.523900
804	0.330300
805	0.502100
806	0.279600
807	0.398500
808	0.515900
809	0.349600
810	0.311900
811	0.278800
812	0.478800
813	0.507400
814	0.331500
815	0.235000
816	0.660100
817	0.342200
818	1.058500
819	0.485300
820	0.359200
821	1.131900
822	0.569800
823	0.546000
824	0.316200
825	0.523200
826	0.556500
827	0.417900
828	0.224400
829	0.145200
830	0.337800
831	0.334600
832	0.527000
833	0.377500
834	0.344200
835	0.295100
836	0.367100
837	0.541000
838	0.815500
839	0.234000
840	0.679700
841	0.187800
842	0.262000
843	0.113300
844	0.234700
845	0.340600
846	0.363300
847	0.271200
848	0.225000
849	0.259700
850	0.435200
851	0.403100
852	0.312800
853	0.468900
854	0.315000
855	0.501800
856	0.395500
857	0.453500
858	0.223100
859	0.168400
860	0.347400
861	0.579300
862	0.766000
863	0.268200
864	0.328300
865	0.386400
866	0.367900
867	1.160300
868	0.347700
869	0.195600
870	0.124500
871	0.652000
872	0.434600
873	0.274400
874	0.378700
875	0.190700
876	0.574000
877	0.246400
878	0.639700
879	0.547700
880	0.301300
881	0.208500
882	0.112300
883	0.313700
884	0.659200
885	0.394400
886	0.258500
887	0.311700
888	0.161000
889	0.621300
890	0.215600
891	0.745300
892	0.232100
893	0.433400
894	0.545400
895	0.370300
896	0.495800
897	0.382300
898	0.154000
899	0.293900
900	0.346700
901	0.495500
902	0.476100
903	0.375500
904	0.224100
905	0.397800
906	0.370100
907	0.475600
908	0.563900
909	0.530000
910	0.245300
911	0.387200
912	0.329900
913	0.362300
914	0.283000
915	0.328200
916	0.662100
917	0.348000
918	0.720400
919	0.157000
920	0.503300
921	0.458700
922	0.837300
923	0.213200
924	0.380100
925	0.436600
926	0.414200
927	0.109200
928	0.246100
929	0.539000
930	0.154600
931	0.229300
932	0.458000
933	0.203600
934	0.437100
935	0.458100
936	0.428300
937	0.258500
938	0.507000
939	0.125400
940	0.292700
941	0.333900
942	0.664300
943	0.303800
944	0.140300
945	0.313400
946	0.286200
947	0.230100
948	0.254600
949	0.426700
950	0.602800
951	1.161100
952	0.488400
953	0.468800
954	0.621400
955	0.285300
956	0.288300
957	0.595100
958	0.285000
959	0.228400
960	0.174700
961	0.537400
962	0.311500
963	0.372800
964	0.453800
965	0.295400
966	0.831700
967	0.342700
968	0.198900
969	0.240500
970	0.155800
971	0.098700
972	0.162800
973	0.419200
974	0.514500
975	0.150200
976	0.218900
977	0.091500
978	0.451200
979	0.113600
980	0.221500
981	0.625500
982	0.603300
983	0.442600
984	0.149900
985	0.251700
986	0.659100
987	0.179900
988	0.366600
989	0.411600
990	0.453800
991	0.345100
992	0.568300
993	0.231900
994	0.216900
995	0.348800
996	0.555900
997	0.408300
998	0.583000
999	0.102000
1000	1.395700
1001	0.472400
1002	0.333900
1003	0.104600
1004	0.472800
1005	0.140100
1006	0.194000
1007	0.554700
1008	0.244100
1009	0.274900
1010	0.213400
1011	0.118100
1012	0.457100
1013	0.101500
1014	0.156400
1015	0.607100
1016	0.145600
1017	0.416500
1018	0.192700
1019	0.280800
1020	0.066600
1021	0.159800
1022	0.409300
1023	0.180800
1024	0.356900
1025	0.092000
1026	0.297000
1027	0.099000
1028	0.037200
1029	0.199800
1030	0.403900
1031	0.291900
1032	0.087500
1033	0.159300
1034	0.321900
1035	0.188900
1036	0.239500
1037	0.192300
1038	0.113400
1039	0.199300
1040	0.212000
1041	0.394500
1042	0.194500
1043	0.180500
1044	0.161100
1045	0.172200
1046	0.551500
1047	0.212700
1048	0.256100
1049	0.104600
1050	0.495200
1051	0.224500
1052	0.175900
1053	0.452600
1054	0.725900
1055	0.381800
1056	0.181200
1057	0.200800
1058	0.132700
1059	0.419900
1060	0.336900
1061	0.454000
1062	0.394000
1063	0.200800
1064	0.658800
1065	0.463400
1066	0.303300
1067	0.316200
1068	0.496100
1069	0.525500
1070	0.194900
1071	0.332400
1072	0.206200
1073	0.442900
1074	0.165500
1075	0.160400
1076	0.859200
1077	0.986000
1078	0.578600
1079	0.340300
1080	0.207100
1081	0.472400
1082	0.294800
1083	0.622900
1084	0.400800
1085	0.180000
1086	0.280000
1087	0.012000
1088	0.285000
1089	0.280100
1090	0.384500
1091	0.248600
1092	0.203900
1093	0.417000
1094	0.370800
1095	0.360800
1096	0.070300
1097	0.268400
1098	0.293400
1099	0.507900
1100	0.165300
1101	0.304100
1102	0.196100
1103	0.180500
1104	0.144900
1105	0.105000
1106	0.239800
1107	0.231100
1108	0.207700
1109	0.259800
1110	0.234300
1111	0.146000
1112	0.410700
1113	0.697300
1114	0.390200
1115	0.305200
1116	0.284400
1117	0.370800
1118	0.436300
1119	0.144100
1120	0.518100
1121	0.487600
1122	0.193300
1123	0.420200
1124	0.087600
1125	0.119000
1126	0.642800
1127	0.171000
1128	0.371800
1129	0.515500
1130	0.052500
1131	0.164600
1132	0.239600
1133	0.180300
1134	0.173700
1135	0.170200
1136	0.544000
1137	0.332700
1138	0.473900
1139	0.141100
1140	0.268800
1141	0.512700
1142	0.028300
1143	0.312600
1144	0.227300
1145	0.296500
1146	0.136200
1147	0.886400
1148	0.338600
1149	0.580600
1150	0.134400
1151	0.034800
1152	0.097100
1153	0.205200
1154	0.161000
1155	0.240900
1156	0.212500
1157	0.156000
1158	0.168500
1159	0.431300
1160	0.452100
1161	0.259600
1162	0.164700
1163	0.211300
1164	0.523000
1165	0.183900
1166	0.152200
1167	0.211900
1168	0.286100
1169	0.336200
1170	0.089900
1171	0.299200
1172	0.536400
1173	0.900700
1174	0.105500
1175	0.139300
1176	0.187800
1177	1.110300
1178	0.313600
1179	0.496300
1180	0.604400
1181	0.591400
1182	0.493500
1183	0.144500
1184	0.905500
1185	0.158900
1186	0.212500
1187	0.079700
1188	0.155300
1189	0.395500
1190	0.526600
1191	0.236600
1192	0.313500
1193	0.418700
1194	0.110000
1195	0.254900
1196	0.244400
1197	0.397400
1198	0.093600
1199	0.380600
1200	0.266600
1201	0.201300
1202	0.200000
1203	0.126600
1204	0.387600
1205	0.128100
1206	0.292500
1207	0.089500
1208	0.106700
1209	0.249900
1210	0.187100
1211	0.337500
1212	0.230600
1213	0.337600
1214	0.133700
1215	0.105300
1216	0.351900
1217	0.350700
1218	0.207300
1219	0.316000
1220	0.364400
1221	0.273600
1222	0.490500
1223	0.239200
1224	0.201700
1225	0.234400
1226	0.668300
1227	0.190400
1228	0.175300
1229	0.219300